# JRE version: Java(TM) SE Runtime Environment (17.0.9+11) (build 17.0.9+11-LTS-201)
# Java VM: Java HotSpot(TM) 64-Bit Server VM (17.0.9+11-LTS-201, mixed mode, sharing, tiered, compressed oops, compressed class ptrs, g1 gc, windows-amd64)
GC Precious Log:
 CPUs: 8 total, 8 available
 Memory: 16190M
 Large Page Support: Disabled
 NUMA Support: Disabled
 Compressed Oops: Enabled (Zero based)
 Heap Region Size: 2M
 Heap Min Capacity: 8M
 Heap Initial Capacity: 254M
 Heap Max Capacity: 4048M
 Pre-touch: Disabled
 Parallel Workers: 8
 Concurrent Workers: 2
 Concurrent Refinement Workers: 8
 Periodic GC: Disabled
Heap:
 garbage-first heap   total 102400K, used 47506K [0x0000000703000000, 0x0000000800000000)
  region size 2048K, 6 young (12288K), 1 survivors (2048K)
 Metaspace       used 31032K, committed 31360K, reserved 1114112K
  class space    used 4207K, committed 4352K, reserved 1048576K
GC Heap History (12 events):
Event: 0.367 GC heap before
{Heap before GC invocations=0 (full 0):
 garbage-first heap   total 260096K, used 20480K [0x0000000703000000, 0x0000000800000000)
  region size 2048K, 11 young (22528K), 0 survivors (0K)
 Metaspace       used 2796K, committed 3008K, reserved 1114112K
  class space    used 285K, committed 384K, reserved 1048576K
}
Event: 0.371 GC heap after
{Heap after GC invocations=1 (full 0):
 garbage-first heap   total 260096K, used 7328K [0x0000000703000000, 0x0000000800000000)
  region size 2048K, 2 young (4096K), 2 survivors (4096K)
 Metaspace       used 2796K, committed 3008K, reserved 1114112K
  class space    used 285K, committed 384K, reserved 1048576K
}
Event: 0.775 GC heap before
{Heap before GC invocations=1 (full 0):
 garbage-first heap   total 260096K, used 25760K [0x0000000703000000, 0x0000000800000000)
  region size 2048K, 11 young (22528K), 2 survivors (4096K)
 Metaspace       used 4322K, committed 4480K, reserved 1114112K
  class space    used 447K, committed 512K, reserved 1048576K
}
Event: 0.778 GC heap after
{Heap after GC invocations=2 (full 0):
 garbage-first heap   total 260096K, used 10652K [0x0000000703000000, 0x0000000800000000)
  region size 2048K, 2 young (4096K), 2 survivors (4096K)
 Metaspace       used 4322K, committed 4480K, reserved 1114112K
  class space    used 447K, committed 512K, reserved 1048576K
}
Event: 6.003 GC heap before
{Heap before GC invocations=2 (full 0):
 garbage-first heap   total 260096K, used 55708K [0x0000000703000000, 0x0000000800000000)
  region size 2048K, 24 young (49152K), 2 survivors (4096K)
 Metaspace       used 14862K, committed 15104K, reserved 1114112K
  class space    used 1982K, committed 2112K, reserved 1048576K
}
Event: 6.009 GC heap after
{Heap after GC invocations=3 (full 0):
 garbage-first heap   total 260096K, used 19855K [0x0000000703000000, 0x0000000800000000)
  region size 2048K, 3 young (6144K), 3 survivors (6144K)
 Metaspace       used 14862K, committed 15104K, reserved 1114112K
  class space    used 1982K, committed 2112K, reserved 1048576K
}
Event: 9.820 GC heap before
{Heap before GC invocations=3 (full 0):
 garbage-first heap   total 260096K, used 50575K [0x0000000703000000, 0x0000000800000000)
  region size 2048K, 18 young (36864K), 3 survivors (6144K)
 Metaspace       used 21286K, committed 21504K, reserved 1114112K
  class space    used 3102K, committed 3200K, reserved 1048576K
}
Event: 9.828 GC heap after
{Heap after GC invocations=4 (full 0):
 garbage-first heap   total 260096K, used 25425K [0x0000000703000000, 0x0000000800000000)
  region size 2048K, 5 young (10240K), 5 survivors (10240K)
 Metaspace       used 21286K, committed 21504K, reserved 1114112K
  class space    used 3102K, committed 3200K, reserved 1048576K
}
Event: 21.442 GC heap before
{Heap before GC invocations=5 (full 0):
 garbage-first heap   total 102400K, used 76625K [0x0000000703000000, 0x0000000800000000)
  region size 2048K, 30 young (61440K), 5 survivors (10240K)
 Metaspace       used 29877K, committed 30144K, reserved 1114112K
  class space    used 4070K, committed 4224K, reserved 1048576K
}
Event: 21.452 GC heap after
{Heap after GC invocations=6 (full 0):
 garbage-first heap   total 102400K, used 35175K [0x0000000703000000, 0x0000000800000000)
  region size 2048K, 8 young (16384K), 8 survivors (16384K)
 Metaspace       used 29877K, committed 30144K, reserved 1114112K
  class space    used 4070K, committed 4224K, reserved 1048576K
}
Event: 21.464 GC heap before
{Heap before GC invocations=6 (full 0):
 garbage-first heap   total 102400K, used 35175K [0x0000000703000000, 0x0000000800000000)
  region size 2048K, 9 young (18432K), 8 survivors (16384K)
 Metaspace       used 30307K, committed 30592K, reserved 1114112K
  class space    used 4123K, committed 4288K, reserved 1048576K
}
Event: 21.473 GC heap after
{Heap after GC invocations=7 (full 0):
 garbage-first heap   total 102400K, used 35218K [0x0000000703000000, 0x0000000800000000)
  region size 2048K, 1 young (2048K), 1 survivors (2048K)
 Metaspace       used 30307K, committed 30592K, reserved 1114112K
  class space    used 4123K, committed 4288K, reserved 1048576K
}

